生成启动时间为 2014/7/2 22:41:37。
     1>项目“E:\快盘\求职\源代码练习\Collective_Intelligence\Collective_Intelligence\Collective_Intelligence.vcxproj”在节点 2 上(rebuild 个目标)。
     1>_PrepareForClean:
         正在删除文件“Debug\Making_Recommendations.lastbuildstate”。
       InitializeBuildStatus:
         正在创建“Debug\Making_Recommendations.unsuccessfulbuild”，因为已指定“AlwaysCreate”。
       ClCompile:
         C:\Program Files\Microsoft Visual Studio 10.0\VC\bin\CL.exe /c /ZI /nologo /W3 /WX- /Od /Oy- /D _MBCS /Gm /EHsc /RTC1 /MDd /GS /fp:precise /Zc:wchar_t /Zc:forScope /Fo"Debug\\" /Fd"Debug\vc100.pdb" /Gd /TP /analyze- /errorReport:prompt Making_Recommendations.cpp
         Making_Recommendations.cpp
     1>e:\快盘\求职\源代码练习\collective_intelligence\collective_intelligence\making_recommendations.cpp(124): warning C4244: “初始化”: 从“int”转换到“float”，可能丢失数据
     1>e:\快盘\求职\源代码练习\collective_intelligence\collective_intelligence\making_recommendations.cpp(174): warning C4244: “return”: 从“double”转换到“float”，可能丢失数据
     1>e:\快盘\求职\源代码练习\collective_intelligence\collective_intelligence\making_recommendations.cpp(229): warning C4244: “=”: 从“double”转换到“float”，可能丢失数据
     1>e:\快盘\求职\源代码练习\collective_intelligence\collective_intelligence\making_recommendations.cpp(233): warning C4018: “>”: 有符号/无符号不匹配
     1>e:\快盘\求职\源代码练习\collective_intelligence\collective_intelligence\making_recommendations.cpp(246): warning C4018: “<”: 有符号/无符号不匹配
       Link:
         C:\Program Files\Microsoft Visual Studio 10.0\VC\bin\link.exe /ERRORREPORT:PROMPT /OUT:"E:\快盘\求职\源代码练习\Collective_Intelligence\Debug\Making_Recommendations.exe" /NOLOGO kernel32.lib user32.lib gdi32.lib winspool.lib comdlg32.lib advapi32.lib shell32.lib ole32.lib oleaut32.lib uuid.lib odbc32.lib odbccp32.lib /MANIFEST /ManifestFile:"Debug\Making_Recommendations.exe.intermediate.manifest" /MANIFESTUAC:"level='asInvoker' uiAccess='false'" /DEBUG /PDB:"E:\快盘\求职\源代码练习\Collective_Intelligence\Debug\Making_Recommendations.pdb" /TLBID:1 /DYNAMICBASE /NXCOMPAT /IMPLIB:"E:\快盘\求职\源代码练习\Collective_Intelligence\Debug\Making_Recommendations.lib" /MACHINE:X86 Debug\Making_Recommendations.obj
         Collective_Intelligence.vcxproj -> E:\快盘\求职\源代码练习\Collective_Intelligence\Debug\Making_Recommendations.exe
       Manifest:
         C:\Program Files\Microsoft SDKs\Windows\v7.0A\bin\mt.exe /nologo /verbose /outputresource:"E:\快盘\求职\源代码练习\Collective_Intelligence\Debug\Making_Recommendations.exe;#1" /manifest Debug\Making_Recommendations.exe.intermediate.manifest
       FinalizeBuildStatus:
         正在删除文件“Debug\Making_Recommendations.unsuccessfulbuild”。
         正在对“Debug\Making_Recommendations.lastbuildstate”执行 Touch 任务。
     1>已完成生成项目“E:\快盘\求职\源代码练习\Collective_Intelligence\Collective_Intelligence\Collective_Intelligence.vcxproj”(rebuild 个目标)的操作。

生成成功。

已用时间 00:00:01.22
